<?xml version="1.0" encoding="UTF-8"?>
<testsuite name="web.termproject.controller.MemberControllerTest" tests="3" skipped="0" failures="0" errors="0" timestamp="2024-06-09T13:34:42" hostname="MacBook-Pro.local" time="0.075">
  <properties/>
  <testcase name="회원_전체_정보_조회" classname="web.termproject.controller.MemberControllerTest" time="0.018"/>
  <testcase name="로그인" classname="web.termproject.controller.MemberControllerTest" time="0.017"/>
  <testcase name="회원가입" classname="web.termproject.controller.MemberControllerTest" time="0.04"/>
  <system-out><![CDATA[2024-06-09T22:34:42.101+09:00  INFO 73199 --- [    Test worker] t.c.s.AnnotationConfigContextLoaderUtils : Could not detect default configuration classes for test class [web.termproject.controller.MemberControllerTest]: MemberControllerTest does not declare any static, non-private, non-final, nested classes annotated with @Configuration.
2024-06-09T22:34:42.104+09:00  INFO 73199 --- [    Test worker] .b.t.c.SpringBootTestContextBootstrapper : Found @SpringBootConfiguration web.termproject.TermProjectApplication for test class web.termproject.controller.MemberControllerTest

  .   ____          _            __ _ _
 /\\ / ___'_ __ _ _(_)_ __  __ _ \ \ \ \
( ( )\___ | '_ | '_| | '_ \/ _` | \ \ \ \
 \\/  ___)| |_)| | | | | || (_| |  ) ) ) )
  '  |____| .__|_| |_|_| |_\__, | / / / /
 =========|_|==============|___/=/_/_/_/
 :: Spring Boot ::                (v3.2.5)

2024-06-09T22:34:42.117+09:00  INFO 73199 --- [    Test worker] w.t.controller.MemberControllerTest      : Starting MemberControllerTest using Java 21.0.2 with PID 73199 (started by jihyun in /Users/jihyun/Desktop/IdeaProjects/Web_TermProject)
2024-06-09T22:34:42.117+09:00  INFO 73199 --- [    Test worker] w.t.controller.MemberControllerTest      : The following 1 profile is active: "jwt"
2024-06-09T22:34:42.263+09:00 DEBUG 73199 --- [    Test worker] swordEncoderAuthenticationManagerBuilder : No authenticationProviders and no parentAuthenticationManager defined. Returning null.
2024-06-09T22:34:42.268+09:00  INFO 73199 --- [    Test worker] o.s.s.web.DefaultSecurityFilterChain     : Will secure any request with [org.springframework.security.web.session.DisableEncodeUrlFilter@14c77f6d, org.springframework.security.web.context.request.async.WebAsyncManagerIntegrationFilter@150ae70c, org.springframework.security.web.context.SecurityContextHolderFilter@7b330cbd, org.springframework.security.web.header.HeaderWriterFilter@590603cf, org.springframework.web.filter.CorsFilter@47d98145, org.springframework.security.web.csrf.CsrfFilter@7d365620, org.springframework.security.web.authentication.logout.LogoutFilter@2e47326b, org.springframework.security.oauth2.client.web.OAuth2AuthorizationRequestRedirectFilter@ab8b7f, org.springframework.security.oauth2.client.web.OAuth2AuthorizationRequestRedirectFilter@1ee98d0d, org.springframework.security.oauth2.client.web.OAuth2LoginAuthenticationFilter@68bd3e3f, org.springframework.security.web.authentication.ui.DefaultLoginPageGeneratingFilter@27f64853, org.springframework.security.web.authentication.ui.DefaultLogoutPageGeneratingFilter@508edcd7, org.springframework.security.web.savedrequest.RequestCacheAwareFilter@347bc2ad, org.springframework.security.web.servletapi.SecurityContextHolderAwareRequestFilter@4e872237, org.springframework.security.web.authentication.AnonymousAuthenticationFilter@7f1dfdbc, org.springframework.security.oauth2.client.web.OAuth2AuthorizationCodeGrantFilter@48ebf57c, org.springframework.security.web.access.ExceptionTranslationFilter@54c5c875, org.springframework.security.web.access.intercept.AuthorizationFilter@17e83783]
2024-06-09T22:34:42.273+09:00  INFO 73199 --- [    Test worker] o.s.b.t.m.w.SpringBootMockServletContext : Initializing Spring TestDispatcherServlet ''
2024-06-09T22:34:42.274+09:00  INFO 73199 --- [    Test worker] o.s.t.web.servlet.TestDispatcherServlet  : Initializing Servlet ''
2024-06-09T22:34:42.274+09:00  INFO 73199 --- [    Test worker] o.s.t.web.servlet.TestDispatcherServlet  : Completed initialization in 0 ms
2024-06-09T22:34:42.277+09:00  INFO 73199 --- [    Test worker] w.t.controller.MemberControllerTest      : Started MemberControllerTest in 0.172 seconds (process running for 5.0)
2024-06-09T22:34:42.284+09:00  INFO 73199 --- [    Test worker] o.s.mock.web.MockServletContext          : Initializing Spring TestDispatcherServlet ''
2024-06-09T22:34:42.284+09:00  INFO 73199 --- [    Test worker] o.s.t.web.servlet.TestDispatcherServlet  : Initializing Servlet ''
2024-06-09T22:34:42.284+09:00  INFO 73199 --- [    Test worker] o.s.t.web.servlet.TestDispatcherServlet  : Completed initialization in 0 ms

MockHttpServletRequest:
      HTTP Method = GET
      Request URI = /api/memberInfo
       Parameters = {}
          Headers = [Content-Type:"application/json"]
             Body = <no character encoding set>
    Session Attrs = {}

Handler:
             Type = web.termproject.controller.MemberController
           Method = web.termproject.controller.MemberController#getMemberInfo()

Async:
    Async started = false
     Async result = null

Resolved Exception:
             Type = null

ModelAndView:
        View name = null
             View = null
            Model = null

FlashMap:
       Attributes = null

MockHttpServletResponse:
           Status = 404
    Error message = null
          Headers = []
     Content type = null
             Body = 
    Forwarded URL = null
   Redirected URL = null
          Cookies = []

MockHttpServletRequest:
      HTTP Method = GET
      Request URI = /api/memberInfo
       Parameters = {}
          Headers = [Content-Type:"application/json"]
             Body = <no character encoding set>
    Session Attrs = {}

Handler:
             Type = web.termproject.controller.MemberController
           Method = web.termproject.controller.MemberController#getMemberInfo()

Async:
    Async started = false
     Async result = null

Resolved Exception:
             Type = null

ModelAndView:
        View name = null
             View = null
            Model = null

FlashMap:
       Attributes = null

MockHttpServletResponse:
           Status = 200
    Error message = null
          Headers = [Content-Type:"application/json"]
     Content type = application/json
             Body = {"id":1,"loginId":"test1234","loginPw":"test1234","name":"홍길동","stuNum":"2024","major":"컴퓨터소프트웨어공학과","phoneNum":"000-0000-0000","email":"홍길동@kumoh.ac.kr","gender":"남","birthDate":"2000-01-01","role":null}
    Forwarded URL = null
   Redirected URL = null
          Cookies = []
2024-06-09T22:34:42.301+09:00  INFO 73199 --- [    Test worker] o.s.mock.web.MockServletContext          : Initializing Spring TestDispatcherServlet ''
2024-06-09T22:34:42.301+09:00  INFO 73199 --- [    Test worker] o.s.t.web.servlet.TestDispatcherServlet  : Initializing Servlet ''
2024-06-09T22:34:42.301+09:00  INFO 73199 --- [    Test worker] o.s.t.web.servlet.TestDispatcherServlet  : Completed initialization in 0 ms
2024-06-09T22:34:42.305+09:00  INFO 73199 --- [    Test worker] w.t.controller.MemberController          : request username = test1234, password = test1234
2024-06-09T22:34:42.306+09:00  INFO 73199 --- [    Test worker] w.t.controller.MemberController          : jwtToken accessToken = access-token, refreshToken = refresh-token

MockHttpServletRequest:
      HTTP Method = POST
      Request URI = /api/signin
       Parameters = {}
          Headers = [Content-Type:"application/json", Content-Length:"43"]
             Body = <no character encoding set>
    Session Attrs = {}

Handler:
             Type = web.termproject.controller.MemberController
           Method = web.termproject.controller.MemberController#signIn(LoginRequestDTO)

Async:
    Async started = false
     Async result = null

Resolved Exception:
             Type = null

ModelAndView:
        View name = null
             View = null
            Model = null

FlashMap:
       Attributes = null

MockHttpServletResponse:
           Status = 200
    Error message = null
          Headers = [Content-Type:"application/json"]
     Content type = application/json
             Body = {"grantType":null,"accessToken":"access-token","refreshToken":"refresh-token"}
    Forwarded URL = null
   Redirected URL = null
          Cookies = []
2024-06-09T22:34:42.318+09:00  INFO 73199 --- [    Test worker] o.s.mock.web.MockServletContext          : Initializing Spring TestDispatcherServlet ''
2024-06-09T22:34:42.318+09:00  INFO 73199 --- [    Test worker] o.s.t.web.servlet.TestDispatcherServlet  : Initializing Servlet ''
2024-06-09T22:34:42.318+09:00  INFO 73199 --- [    Test worker] o.s.t.web.servlet.TestDispatcherServlet  : Completed initialization in 0 ms

MockHttpServletRequest:
      HTTP Method = POST
      Request URI = /api/signup
       Parameters = {}
          Headers = [Content-Type:"application/json", Content-Length:"236"]
             Body = <no character encoding set>
    Session Attrs = {}

Handler:
             Type = web.termproject.controller.MemberController
           Method = web.termproject.controller.MemberController#signup(SignupRequestDTO)

Async:
    Async started = false
     Async result = null

Resolved Exception:
             Type = null

ModelAndView:
        View name = null
             View = null
            Model = null

FlashMap:
       Attributes = null

MockHttpServletResponse:
           Status = 200
    Error message = null
          Headers = [Content-Type:"application/json"]
     Content type = application/json
             Body = {"code":201000,"message":"회원가입 완료","data":{"id":1,"loginId":"test1234","loginPw":"test1234","name":"홍길동","stuNum":"20240001","major":"컴퓨터소프트웨어공학과","phoneNum":"000-0000-0000","email":"test@kumoh.ac.kr","gender":"남","birthDate":"2000-01-01","role":"MEMBER"}}
    Forwarded URL = null
   Redirected URL = null
          Cookies = []
]]></system-out>
  <system-err><![CDATA[]]></system-err>
</testsuite>
