<?xml version="1.0" encoding="UTF-8"?>
<testsuite name="web.termproject.docs.AdminControllerDocsTest" tests="4" skipped="0" failures="0" errors="0" timestamp="2024-06-19T23:51:32" hostname="MacBook-Pro.local" time="0.25">
  <properties/>
  <testcase name="동아리 신청 상세 조회" classname="web.termproject.docs.AdminControllerDocsTest" time="0.157"/>
  <testcase name="동아리 거절" classname="web.termproject.docs.AdminControllerDocsTest" time="0.04"/>
  <testcase name="동아리 승인" classname="web.termproject.docs.AdminControllerDocsTest" time="0.029"/>
  <testcase name="동아리 신청목록 조회" classname="web.termproject.docs.AdminControllerDocsTest" time="0.021"/>
  <system-out><![CDATA[2024-06-20T08:51:32.440+09:00  INFO 6062 --- [    Test worker] o.s.mock.web.MockServletContext          : Initializing Spring TestDispatcherServlet ''
2024-06-20T08:51:32.440+09:00  INFO 6062 --- [    Test worker] o.s.t.web.servlet.TestDispatcherServlet  : Initializing Servlet ''
2024-06-20T08:51:32.441+09:00  INFO 6062 --- [    Test worker] o.s.t.web.servlet.TestDispatcherServlet  : Completed initialization in 1 ms

MockHttpServletRequest:
      HTTP Method = GET
      Request URI = /admin/list/1
       Parameters = {}
          Headers = [Content-Type:"application/json"]
             Body = <no character encoding set>
    Session Attrs = {}

Handler:
             Type = web.termproject.controller.AdminController
           Method = web.termproject.controller.AdminController#applyClubDetail(Long)

Async:
    Async started = false
     Async result = null

Resolved Exception:
             Type = null

ModelAndView:
        View name = null
             View = null
            Model = null

FlashMap:
       Attributes = null

MockHttpServletResponse:
           Status = 200
    Error message = null
          Headers = [Content-Type:"application/json"]
     Content type = application/json
             Body = {"code":200000,"message":"관리자 동아리 신청 상세 조회","data":{"applyClubId":1,"applyClubStatus":"WAIT","clubType":"중앙동아리","clubName":"Coding Club","name":"홍길동","major":"컴퓨터소프트웨어공학과","stuNum":"2024","phoneNum":"000-0000-0000","refuseReason":null,"pmajor":"컴퓨터소프트웨어공학과","pphoneNum":"222-2222-2222","pname":"교수님1"}}
    Forwarded URL = null
   Redirected URL = null
          Cookies = []
2024-06-20T08:51:32.562+09:00  INFO 6062 --- [    Test worker] o.s.mock.web.MockServletContext          : Initializing Spring TestDispatcherServlet ''
2024-06-20T08:51:32.562+09:00  INFO 6062 --- [    Test worker] o.s.t.web.servlet.TestDispatcherServlet  : Initializing Servlet ''
2024-06-20T08:51:32.562+09:00  INFO 6062 --- [    Test worker] o.s.t.web.servlet.TestDispatcherServlet  : Completed initialization in 0 ms

MockHttpServletRequest:
      HTTP Method = POST
      Request URI = /admin/refuse/1
       Parameters = {}
          Headers = [Content-Type:"application/json", Content-Length:"37"]
             Body = <no character encoding set>
    Session Attrs = {}

Handler:
             Type = web.termproject.controller.AdminController
           Method = web.termproject.controller.AdminController#refuseClub(Long, RefuseApplyClubDTO)

Async:
    Async started = false
     Async result = null

Resolved Exception:
             Type = null

ModelAndView:
        View name = null
             View = null
            Model = null

FlashMap:
       Attributes = null

MockHttpServletResponse:
           Status = 200
    Error message = null
          Headers = [Content-Type:"application/json"]
     Content type = application/json
             Body = {"code":200000,"message":"관리자 동아리 신청 거절","data":{"applyClubId":1,"applyClubStatus":"REFUSE","clubType":"중앙동아리","clubName":"Coding Club","name":"홍길동","major":"컴퓨터소프트웨어공학과","stuNum":"2024","phoneNum":"000-0000-0000","refuseReason":"Reason for refusal","pmajor":"컴퓨터소프트웨어공학과","pphoneNum":"222-2222-2222","pname":"교수님1"}}
    Forwarded URL = null
   Redirected URL = null
          Cookies = []
2024-06-20T08:51:32.602+09:00  INFO 6062 --- [    Test worker] o.s.mock.web.MockServletContext          : Initializing Spring TestDispatcherServlet ''
2024-06-20T08:51:32.603+09:00  INFO 6062 --- [    Test worker] o.s.t.web.servlet.TestDispatcherServlet  : Initializing Servlet ''
2024-06-20T08:51:32.603+09:00  INFO 6062 --- [    Test worker] o.s.t.web.servlet.TestDispatcherServlet  : Completed initialization in 0 ms

MockHttpServletRequest:
      HTTP Method = POST
      Request URI = /admin/accept/1
       Parameters = {}
          Headers = [Content-Type:"application/json"]
             Body = <no character encoding set>
    Session Attrs = {}

Handler:
             Type = web.termproject.controller.AdminController
           Method = web.termproject.controller.AdminController#acceptClub(Long)

Async:
    Async started = false
     Async result = null

Resolved Exception:
             Type = null

ModelAndView:
        View name = null
             View = null
            Model = null

FlashMap:
       Attributes = null

MockHttpServletResponse:
           Status = 200
    Error message = null
          Headers = [Content-Type:"application/json"]
     Content type = application/json
             Body = {"code":200000,"message":"관리자 동아리 신청 승인","data":{"id":1,"applyClubId":1,"clubType":"중앙동아리","name":"Coding Club","introduce":null,"history":null,"imageRoute":null,"meetingTime":null,"president":null,"vicePresident":null,"generalAffairs":null,"professor":{"id":1,"major":"컴퓨터소프트웨어공학과","phoneNum":"222-2222-2222","email":"교수님@kumoh.ac.kr","name":"교수님1"},"applyMember":null,"masterMember":{"id":1,"loginId":"test1234","loginPw":"test1234","name":"홍길동","stuNum":"2024","major":"컴퓨터소프트웨어공학과","phoneNum":"000-0000-0000","email":"홍길동@kumoh.ac.kr","gender":"남","birthDate":"2000-01-01","role":"MASTER_MEMBER"}}}
    Forwarded URL = null
   Redirected URL = null
          Cookies = []
2024-06-20T08:51:32.632+09:00  INFO 6062 --- [    Test worker] o.s.mock.web.MockServletContext          : Initializing Spring TestDispatcherServlet ''
2024-06-20T08:51:32.632+09:00  INFO 6062 --- [    Test worker] o.s.t.web.servlet.TestDispatcherServlet  : Initializing Servlet ''
2024-06-20T08:51:32.632+09:00  INFO 6062 --- [    Test worker] o.s.t.web.servlet.TestDispatcherServlet  : Completed initialization in 0 ms

MockHttpServletRequest:
      HTTP Method = GET
      Request URI = /admin/list
       Parameters = {}
          Headers = [Content-Type:"application/json"]
             Body = <no character encoding set>
    Session Attrs = {}

Handler:
             Type = web.termproject.controller.AdminController
           Method = web.termproject.controller.AdminController#applyClubList()

Async:
    Async started = false
     Async result = null

Resolved Exception:
             Type = null

ModelAndView:
        View name = null
             View = null
            Model = null

FlashMap:
       Attributes = null

MockHttpServletResponse:
           Status = 200
    Error message = null
          Headers = [Content-Type:"application/json"]
     Content type = application/json
             Body = {"code":200000,"message":"관리자 동아리 신청 목록 조회","data":[{"applyClubId":null,"applyClubStatus":"WAIT","clubType":"중앙동아리","clubName":"Coding Club","name":"홍길동","major":"컴퓨터소프트웨어공학과","stuNum":"2024","phoneNum":"000-0000-0000","refuseReason":null,"pmajor":"컴퓨터소프트웨어공학과","pphoneNum":"222-2222-2222","pname":"교수님1"}]}
    Forwarded URL = null
   Redirected URL = null
          Cookies = []
]]></system-out>
  <system-err><![CDATA[]]></system-err>
</testsuite>
