<?xml version="1.0" encoding="UTF-8"?>
<testsuite name="web.termproject.controller.ApplyMemberControllerTest" tests="3" skipped="0" failures="0" errors="0" timestamp="2024-06-09T13:34:41" hostname="MacBook-Pro.local" time="0.03">
  <properties/>
  <testcase name="testGetClubList()" classname="web.termproject.controller.ApplyMemberControllerTest" time="0.014"/>
  <testcase name="testUploadFiles()" classname="web.termproject.controller.ApplyMemberControllerTest" time="0.009"/>
  <testcase name="testDownloadFile()" classname="web.termproject.controller.ApplyMemberControllerTest" time="0.005"/>
  <system-out><![CDATA[2024-06-09T22:34:41.367+09:00  INFO 73199 --- [    Test worker] t.c.s.AnnotationConfigContextLoaderUtils : Could not detect default configuration classes for test class [web.termproject.controller.ApplyMemberControllerTest]: ApplyMemberControllerTest does not declare any static, non-private, non-final, nested classes annotated with @Configuration.
2024-06-09T22:34:41.387+09:00  INFO 73199 --- [    Test worker] .b.t.c.SpringBootTestContextBootstrapper : Found @SpringBootConfiguration web.termproject.TermProjectApplication for test class web.termproject.controller.ApplyMemberControllerTest

  .   ____          _            __ _ _
 /\\ / ___'_ __ _ _(_)_ __  __ _ \ \ \ \
( ( )\___ | '_ | '_| | '_ \/ _` | \ \ \ \
 \\/  ___)| |_)| | | | | || (_| |  ) ) ) )
  '  |____| .__|_| |_|_| |_\__, | / / / /
 =========|_|==============|___/=/_/_/_/
 :: Spring Boot ::                (v3.2.5)

2024-06-09T22:34:41.413+09:00  INFO 73199 --- [    Test worker] w.t.c.ApplyMemberControllerTest          : Starting ApplyMemberControllerTest using Java 21.0.2 with PID 73199 (started by jihyun in /Users/jihyun/Desktop/IdeaProjects/Web_TermProject)
2024-06-09T22:34:41.413+09:00  INFO 73199 --- [    Test worker] w.t.c.ApplyMemberControllerTest          : The following 1 profile is active: "jwt"
2024-06-09T22:34:41.610+09:00 DEBUG 73199 --- [    Test worker] swordEncoderAuthenticationManagerBuilder : No authenticationProviders and no parentAuthenticationManager defined. Returning null.
2024-06-09T22:34:41.620+09:00  INFO 73199 --- [    Test worker] o.s.s.web.DefaultSecurityFilterChain     : Will secure any request with [org.springframework.security.web.session.DisableEncodeUrlFilter@65782175, org.springframework.security.web.context.request.async.WebAsyncManagerIntegrationFilter@1ea555d, org.springframework.security.web.context.SecurityContextHolderFilter@3c090ae5, org.springframework.security.web.header.HeaderWriterFilter@24bff8d7, org.springframework.web.filter.CorsFilter@16ca9e06, org.springframework.security.web.csrf.CsrfFilter@2a01bf0e, org.springframework.security.web.authentication.logout.LogoutFilter@6f0efd55, org.springframework.security.oauth2.client.web.OAuth2AuthorizationRequestRedirectFilter@bc6655d, org.springframework.security.oauth2.client.web.OAuth2AuthorizationRequestRedirectFilter@622a4589, org.springframework.security.oauth2.client.web.OAuth2LoginAuthenticationFilter@69063972, org.springframework.security.web.authentication.ui.DefaultLoginPageGeneratingFilter@390c96a1, org.springframework.security.web.authentication.ui.DefaultLogoutPageGeneratingFilter@12a7999, org.springframework.security.web.savedrequest.RequestCacheAwareFilter@1b572ba5, org.springframework.security.web.servletapi.SecurityContextHolderAwareRequestFilter@62aea363, org.springframework.security.web.authentication.AnonymousAuthenticationFilter@257d8340, org.springframework.security.oauth2.client.web.OAuth2AuthorizationCodeGrantFilter@1a61a2c4, org.springframework.security.web.access.ExceptionTranslationFilter@101d33a7, org.springframework.security.web.access.intercept.AuthorizationFilter@460dc324]
2024-06-09T22:34:41.633+09:00  INFO 73199 --- [    Test worker] o.s.b.t.m.w.SpringBootMockServletContext : Initializing Spring TestDispatcherServlet ''
2024-06-09T22:34:41.633+09:00  INFO 73199 --- [    Test worker] o.s.t.web.servlet.TestDispatcherServlet  : Initializing Servlet ''
2024-06-09T22:34:41.633+09:00  INFO 73199 --- [    Test worker] o.s.t.web.servlet.TestDispatcherServlet  : Completed initialization in 0 ms
2024-06-09T22:34:41.639+09:00  INFO 73199 --- [    Test worker] w.t.c.ApplyMemberControllerTest          : Started ApplyMemberControllerTest in 0.249 seconds (process running for 4.361)
2024-06-09T22:34:41.646+09:00  INFO 73199 --- [    Test worker] o.s.b.t.m.w.SpringBootMockServletContext : Initializing Spring TestDispatcherServlet ''
2024-06-09T22:34:41.646+09:00  INFO 73199 --- [    Test worker] o.s.t.web.servlet.TestDispatcherServlet  : Initializing Servlet ''
2024-06-09T22:34:41.647+09:00  INFO 73199 --- [    Test worker] o.s.t.web.servlet.TestDispatcherServlet  : Completed initialization in 0 ms
2024-06-09T22:34:41.657+09:00  INFO 73199 --- [    Test worker] o.s.b.t.m.w.SpringBootMockServletContext : Initializing Spring TestDispatcherServlet ''
2024-06-09T22:34:41.657+09:00  INFO 73199 --- [    Test worker] o.s.t.web.servlet.TestDispatcherServlet  : Initializing Servlet ''
2024-06-09T22:34:41.657+09:00  INFO 73199 --- [    Test worker] o.s.t.web.servlet.TestDispatcherServlet  : Completed initialization in 0 ms
2024-06-09T22:34:41.668+09:00  INFO 73199 --- [    Test worker] o.s.b.t.m.w.SpringBootMockServletContext : Initializing Spring TestDispatcherServlet ''
2024-06-09T22:34:41.668+09:00  INFO 73199 --- [    Test worker] o.s.t.web.servlet.TestDispatcherServlet  : Initializing Servlet ''
2024-06-09T22:34:41.668+09:00  INFO 73199 --- [    Test worker] o.s.t.web.servlet.TestDispatcherServlet  : Completed initialization in 0 ms
]]></system-out>
  <system-err><![CDATA[]]></system-err>
</testsuite>
