<?xml version="1.0" encoding="UTF-8"?>
<testsuite name="web.termproject.docs.MasterControllerDocsTest" tests="5" skipped="0" failures="0" errors="0" timestamp="2024-06-15T15:02:49" hostname="MacBook-Pro.local" time="0.082">
  <properties/>
  <testcase name="testGetClubs()" classname="web.termproject.docs.MasterControllerDocsTest" time="0.011"/>
  <testcase name="testUpdateApplyMemberStatus()" classname="web.termproject.docs.MasterControllerDocsTest" time="0.047"/>
  <testcase name="testUploadClubImage()" classname="web.termproject.docs.MasterControllerDocsTest" time="0.007"/>
  <testcase name="testDownloadApplyForm()" classname="web.termproject.docs.MasterControllerDocsTest" time="0.006"/>
  <testcase name="testUpdateMasterClubInfo()" classname="web.termproject.docs.MasterControllerDocsTest" time="0.009"/>
  <system-out><![CDATA[2024-06-16T00:02:49.135+09:00  INFO 51025 --- [    Test worker] t.c.s.AnnotationConfigContextLoaderUtils : Could not detect default configuration classes for test class [web.termproject.docs.MasterControllerDocsTest]: MasterControllerDocsTest does not declare any static, non-private, non-final, nested classes annotated with @Configuration.
2024-06-16T00:02:49.137+09:00  INFO 51025 --- [    Test worker] .b.t.c.SpringBootTestContextBootstrapper : Found @SpringBootConfiguration web.termproject.TermProjectApplication for test class web.termproject.docs.MasterControllerDocsTest

  .   ____          _            __ _ _
 /\\ / ___'_ __ _ _(_)_ __  __ _ \ \ \ \
( ( )\___ | '_ | '_| | '_ \/ _` | \ \ \ \
 \\/  ___)| |_)| | | | | || (_| |  ) ) ) )
  '  |____| .__|_| |_|_| |_\__, | / / / /
 =========|_|==============|___/=/_/_/_/
 :: Spring Boot ::                (v3.2.5)

2024-06-16T00:02:49.152+09:00  INFO 51025 --- [    Test worker] w.t.docs.MasterControllerDocsTest        : Starting MasterControllerDocsTest using Java 21.0.2 with PID 51025 (started by jihyun in /Users/jihyun/Desktop/IdeaProjects/Web_TermProject)
2024-06-16T00:02:49.152+09:00  INFO 51025 --- [    Test worker] w.t.docs.MasterControllerDocsTest        : The following 1 profile is active: "jwt"
2024-06-16T00:02:49.273+09:00 DEBUG 51025 --- [    Test worker] swordEncoderAuthenticationManagerBuilder : No authenticationProviders and no parentAuthenticationManager defined. Returning null.
2024-06-16T00:02:49.277+09:00  INFO 51025 --- [    Test worker] o.s.s.web.DefaultSecurityFilterChain     : Will secure any request with [org.springframework.security.web.session.DisableEncodeUrlFilter@5562f297, org.springframework.security.web.context.request.async.WebAsyncManagerIntegrationFilter@64c1a76e, org.springframework.security.web.context.SecurityContextHolderFilter@21d478f3, org.springframework.security.web.header.HeaderWriterFilter@4c7d19bf, org.springframework.web.filter.CorsFilter@2f143ea, org.springframework.security.web.csrf.CsrfFilter@6c4eccd2, org.springframework.security.web.authentication.logout.LogoutFilter@34c050a1, org.springframework.security.oauth2.client.web.OAuth2AuthorizationRequestRedirectFilter@4505ec36, org.springframework.security.oauth2.client.web.OAuth2AuthorizationRequestRedirectFilter@7b23aea2, org.springframework.security.oauth2.client.web.OAuth2LoginAuthenticationFilter@41fe0d98, org.springframework.security.web.authentication.ui.DefaultLoginPageGeneratingFilter@3dfe2797, org.springframework.security.web.authentication.ui.DefaultLogoutPageGeneratingFilter@5b2c9a69, org.springframework.security.web.savedrequest.RequestCacheAwareFilter@3be60847, org.springframework.security.web.servletapi.SecurityContextHolderAwareRequestFilter@19ea65f4, org.springframework.security.web.authentication.AnonymousAuthenticationFilter@19983dd1, org.springframework.security.oauth2.client.web.OAuth2AuthorizationCodeGrantFilter@3fecdd00, org.springframework.security.web.access.ExceptionTranslationFilter@564e9c0b, org.springframework.security.web.access.intercept.AuthorizationFilter@73f6ffb1]
2024-06-16T00:02:49.281+09:00  INFO 51025 --- [    Test worker] o.s.b.t.m.w.SpringBootMockServletContext : Initializing Spring TestDispatcherServlet ''
2024-06-16T00:02:49.281+09:00  INFO 51025 --- [    Test worker] o.s.t.web.servlet.TestDispatcherServlet  : Initializing Servlet ''
2024-06-16T00:02:49.282+09:00  INFO 51025 --- [    Test worker] o.s.t.web.servlet.TestDispatcherServlet  : Completed initialization in 0 ms
2024-06-16T00:02:49.286+09:00  INFO 51025 --- [    Test worker] w.t.docs.MasterControllerDocsTest        : Started MasterControllerDocsTest in 0.147 seconds (process running for 2.752)
2024-06-16T00:02:49.289+09:00  INFO 51025 --- [    Test worker] o.s.b.t.m.w.SpringBootMockServletContext : Initializing Spring TestDispatcherServlet ''
2024-06-16T00:02:49.289+09:00  INFO 51025 --- [    Test worker] o.s.t.web.servlet.TestDispatcherServlet  : Initializing Servlet ''
2024-06-16T00:02:49.289+09:00  INFO 51025 --- [    Test worker] o.s.t.web.servlet.TestDispatcherServlet  : Completed initialization in 0 ms
2024-06-16T00:02:49.300+09:00  INFO 51025 --- [    Test worker] o.s.b.t.m.w.SpringBootMockServletContext : Initializing Spring TestDispatcherServlet ''
2024-06-16T00:02:49.301+09:00  INFO 51025 --- [    Test worker] o.s.t.web.servlet.TestDispatcherServlet  : Initializing Servlet ''
2024-06-16T00:02:49.301+09:00  INFO 51025 --- [    Test worker] o.s.t.web.servlet.TestDispatcherServlet  : Completed initialization in 0 ms
2024-06-16T00:02:49.348+09:00  INFO 51025 --- [    Test worker] o.s.b.t.m.w.SpringBootMockServletContext : Initializing Spring TestDispatcherServlet ''
2024-06-16T00:02:49.348+09:00  INFO 51025 --- [    Test worker] o.s.t.web.servlet.TestDispatcherServlet  : Initializing Servlet ''
2024-06-16T00:02:49.348+09:00  INFO 51025 --- [    Test worker] o.s.t.web.servlet.TestDispatcherServlet  : Completed initialization in 0 ms
2024-06-16T00:02:49.356+09:00  INFO 51025 --- [    Test worker] o.s.b.t.m.w.SpringBootMockServletContext : Initializing Spring TestDispatcherServlet ''
2024-06-16T00:02:49.356+09:00  INFO 51025 --- [    Test worker] o.s.t.web.servlet.TestDispatcherServlet  : Initializing Servlet ''
2024-06-16T00:02:49.356+09:00  INFO 51025 --- [    Test worker] o.s.t.web.servlet.TestDispatcherServlet  : Completed initialization in 0 ms
2024-06-16T00:02:49.362+09:00  INFO 51025 --- [    Test worker] o.s.b.t.m.w.SpringBootMockServletContext : Initializing Spring TestDispatcherServlet ''
2024-06-16T00:02:49.362+09:00  INFO 51025 --- [    Test worker] o.s.t.web.servlet.TestDispatcherServlet  : Initializing Servlet ''
2024-06-16T00:02:49.362+09:00  INFO 51025 --- [    Test worker] o.s.t.web.servlet.TestDispatcherServlet  : Completed initialization in 0 ms
]]></system-out>
  <system-err><![CDATA[]]></system-err>
</testsuite>
