<?xml version="1.0" encoding="UTF-8"?>
<testsuite name="web.termproject.docs.AdminControllerDocsTest" tests="1" skipped="0" failures="0" errors="0" timestamp="2024-06-16T09:49:11" hostname="MacBook-Pro.local" time="0.431">
  <properties/>
  <testcase name="동아리 신청 상세 조회" classname="web.termproject.docs.AdminControllerDocsTest" time="0.431"/>
  <system-out><![CDATA[18:49:12.070 [Test worker] INFO org.hibernate.validator.internal.util.Version -- HV000001: Hibernate Validator 8.0.1.Final
18:49:12.244 [Test worker] INFO org.springframework.mock.web.MockServletContext -- Initializing Spring TestDispatcherServlet ''
18:49:12.245 [Test worker] INFO org.springframework.test.web.servlet.TestDispatcherServlet -- Initializing Servlet ''
18:49:12.246 [Test worker] INFO org.springframework.test.web.servlet.TestDispatcherServlet -- Completed initialization in 0 ms

MockHttpServletRequest:
      HTTP Method = GET
      Request URI = /admin/list/1
       Parameters = {}
          Headers = [Content-Type:"application/json"]
             Body = <no character encoding set>
    Session Attrs = {}

Handler:
             Type = web.termproject.controller.AdminController
           Method = web.termproject.controller.AdminController#applyClubDetail(Long)

Async:
    Async started = false
     Async result = null

Resolved Exception:
             Type = null

ModelAndView:
        View name = null
             View = null
            Model = null

FlashMap:
       Attributes = null

MockHttpServletResponse:
           Status = 200
    Error message = null
          Headers = [Content-Type:"application/json"]
     Content type = application/json
             Body = {"code":200000,"message":"관리자 동아리 신청 상세 조회","data":{"applyClubId":1,"applyClubStatus":"WAIT","clubType":"중앙동아리","clubName":"Coding Club","name":"홍길동","major":"컴퓨터소프트웨어공학과","stuNum":"2024","phoneNum":"000-0000-0000","refuseReason":null,"pname":"교수님1","pmajor":"컴퓨터소프트웨어공학과","pphoneNum":"222-2222-2222"}}
    Forwarded URL = null
   Redirected URL = null
          Cookies = []
]]></system-out>
  <system-err><![CDATA[WARNING: A Java agent has been loaded dynamically (/Users/jihyun/.gradle/caches/modules-2/files-2.1/net.bytebuddy/byte-buddy-agent/1.14.13/979ce25f7d3096a2e82214ba7dc972a05ce7a171/byte-buddy-agent-1.14.13.jar)
WARNING: If a serviceability tool is in use, please run with -XX:+EnableDynamicAgentLoading to hide this warning
WARNING: If a serviceability tool is not in use, please run with -Djdk.instrument.traceUsage for more information
WARNING: Dynamic loading of agents will be disallowed by default in a future release
]]></system-err>
</testsuite>
