<?xml version="1.0" encoding="UTF-8"?>
<testsuite name="web.termproject.docs.MemberControllerDocsTest" tests="3" skipped="0" failures="0" errors="0" timestamp="2024-06-15T15:02:49" hostname="MacBook-Pro.local" time="0.08">
  <properties/>
  <testcase name="회원_전체_정보_조회" classname="web.termproject.docs.MemberControllerDocsTest" time="0.017"/>
  <testcase name="로그인" classname="web.termproject.docs.MemberControllerDocsTest" time="0.016"/>
  <testcase name="회원가입" classname="web.termproject.docs.MemberControllerDocsTest" time="0.046"/>
  <system-out><![CDATA[2024-06-16T00:02:49.371+09:00  INFO 51025 --- [    Test worker] t.c.s.AnnotationConfigContextLoaderUtils : Could not detect default configuration classes for test class [web.termproject.docs.MemberControllerDocsTest]: MemberControllerDocsTest does not declare any static, non-private, non-final, nested classes annotated with @Configuration.
2024-06-16T00:02:49.374+09:00  INFO 51025 --- [    Test worker] .b.t.c.SpringBootTestContextBootstrapper : Found @SpringBootConfiguration web.termproject.TermProjectApplication for test class web.termproject.docs.MemberControllerDocsTest

  .   ____          _            __ _ _
 /\\ / ___'_ __ _ _(_)_ __  __ _ \ \ \ \
( ( )\___ | '_ | '_| | '_ \/ _` | \ \ \ \
 \\/  ___)| |_)| | | | | || (_| |  ) ) ) )
  '  |____| .__|_| |_|_| |_\__, | / / / /
 =========|_|==============|___/=/_/_/_/
 :: Spring Boot ::                (v3.2.5)

2024-06-16T00:02:49.385+09:00  INFO 51025 --- [    Test worker] w.t.docs.MemberControllerDocsTest        : Starting MemberControllerDocsTest using Java 21.0.2 with PID 51025 (started by jihyun in /Users/jihyun/Desktop/IdeaProjects/Web_TermProject)
2024-06-16T00:02:49.385+09:00  INFO 51025 --- [    Test worker] w.t.docs.MemberControllerDocsTest        : The following 1 profile is active: "jwt"
2024-06-16T00:02:49.512+09:00 DEBUG 51025 --- [    Test worker] swordEncoderAuthenticationManagerBuilder : No authenticationProviders and no parentAuthenticationManager defined. Returning null.
2024-06-16T00:02:49.516+09:00  INFO 51025 --- [    Test worker] o.s.s.web.DefaultSecurityFilterChain     : Will secure any request with [org.springframework.security.web.session.DisableEncodeUrlFilter@58a06477, org.springframework.security.web.context.request.async.WebAsyncManagerIntegrationFilter@1c4335c8, org.springframework.security.web.context.SecurityContextHolderFilter@77c4aeb6, org.springframework.security.web.header.HeaderWriterFilter@b61aa50, org.springframework.web.filter.CorsFilter@5e2abb58, org.springframework.security.web.csrf.CsrfFilter@3612a60d, org.springframework.security.web.authentication.logout.LogoutFilter@220a7f95, org.springframework.security.oauth2.client.web.OAuth2AuthorizationRequestRedirectFilter@efe75a2, org.springframework.security.oauth2.client.web.OAuth2AuthorizationRequestRedirectFilter@109a462e, org.springframework.security.oauth2.client.web.OAuth2LoginAuthenticationFilter@a49cdd6, org.springframework.security.web.authentication.ui.DefaultLoginPageGeneratingFilter@eb65fc8, org.springframework.security.web.authentication.ui.DefaultLogoutPageGeneratingFilter@943d0c2, org.springframework.security.web.savedrequest.RequestCacheAwareFilter@54455c8d, org.springframework.security.web.servletapi.SecurityContextHolderAwareRequestFilter@80347b2, org.springframework.security.web.authentication.AnonymousAuthenticationFilter@529b8e41, org.springframework.security.oauth2.client.web.OAuth2AuthorizationCodeGrantFilter@258e5601, org.springframework.security.web.access.ExceptionTranslationFilter@6347ebbc, org.springframework.security.web.access.intercept.AuthorizationFilter@7f794b0f]
2024-06-16T00:02:49.520+09:00  INFO 51025 --- [    Test worker] o.s.b.t.m.w.SpringBootMockServletContext : Initializing Spring TestDispatcherServlet ''
2024-06-16T00:02:49.520+09:00  INFO 51025 --- [    Test worker] o.s.t.web.servlet.TestDispatcherServlet  : Initializing Servlet ''
2024-06-16T00:02:49.521+09:00  INFO 51025 --- [    Test worker] o.s.t.web.servlet.TestDispatcherServlet  : Completed initialization in 1 ms
2024-06-16T00:02:49.523+09:00  INFO 51025 --- [    Test worker] w.t.docs.MemberControllerDocsTest        : Started MemberControllerDocsTest in 0.148 seconds (process running for 2.99)
2024-06-16T00:02:49.529+09:00  INFO 51025 --- [    Test worker] o.s.mock.web.MockServletContext          : Initializing Spring TestDispatcherServlet ''
2024-06-16T00:02:49.529+09:00  INFO 51025 --- [    Test worker] o.s.t.web.servlet.TestDispatcherServlet  : Initializing Servlet ''
2024-06-16T00:02:49.529+09:00  INFO 51025 --- [    Test worker] o.s.t.web.servlet.TestDispatcherServlet  : Completed initialization in 0 ms

MockHttpServletRequest:
      HTTP Method = GET
      Request URI = /api/memberInfo
       Parameters = {}
          Headers = [Content-Type:"application/json"]
             Body = <no character encoding set>
    Session Attrs = {}

Handler:
             Type = web.termproject.controller.MemberController
           Method = web.termproject.controller.MemberController#getMemberInfo()

Async:
    Async started = false
     Async result = null

Resolved Exception:
             Type = null

ModelAndView:
        View name = null
             View = null
            Model = null

FlashMap:
       Attributes = null

MockHttpServletResponse:
           Status = 404
    Error message = null
          Headers = []
     Content type = null
             Body = 
    Forwarded URL = null
   Redirected URL = null
          Cookies = []

MockHttpServletRequest:
      HTTP Method = GET
      Request URI = /api/memberInfo
       Parameters = {}
          Headers = [Content-Type:"application/json"]
             Body = <no character encoding set>
    Session Attrs = {}

Handler:
             Type = web.termproject.controller.MemberController
           Method = web.termproject.controller.MemberController#getMemberInfo()

Async:
    Async started = false
     Async result = null

Resolved Exception:
             Type = null

ModelAndView:
        View name = null
             View = null
            Model = null

FlashMap:
       Attributes = null

MockHttpServletResponse:
           Status = 200
    Error message = null
          Headers = [Content-Type:"application/json"]
     Content type = application/json
             Body = {"id":1,"loginId":"test1234","loginPw":"test1234","name":"홍길동","stuNum":"2024","major":"컴퓨터소프트웨어공학과","phoneNum":"000-0000-0000","email":"홍길동@kumoh.ac.kr","gender":"남","birthDate":"2000-01-01","role":null}
    Forwarded URL = null
   Redirected URL = null
          Cookies = []
2024-06-16T00:02:49.545+09:00  INFO 51025 --- [    Test worker] o.s.mock.web.MockServletContext          : Initializing Spring TestDispatcherServlet ''
2024-06-16T00:02:49.545+09:00  INFO 51025 --- [    Test worker] o.s.t.web.servlet.TestDispatcherServlet  : Initializing Servlet ''
2024-06-16T00:02:49.545+09:00  INFO 51025 --- [    Test worker] o.s.t.web.servlet.TestDispatcherServlet  : Completed initialization in 0 ms
2024-06-16T00:02:49.549+09:00  INFO 51025 --- [    Test worker] w.t.controller.MemberController          : request username = test1234, password = test1234
2024-06-16T00:02:49.550+09:00  INFO 51025 --- [    Test worker] w.t.controller.MemberController          : jwtToken accessToken = access-token, refreshToken = refresh-token

MockHttpServletRequest:
      HTTP Method = POST
      Request URI = /api/signin
       Parameters = {}
          Headers = [Content-Type:"application/json", Content-Length:"43"]
             Body = <no character encoding set>
    Session Attrs = {}

Handler:
             Type = web.termproject.controller.MemberController
           Method = web.termproject.controller.MemberController#signIn(LoginRequestDTO)

Async:
    Async started = false
     Async result = null

Resolved Exception:
             Type = null

ModelAndView:
        View name = null
             View = null
            Model = null

FlashMap:
       Attributes = null

MockHttpServletResponse:
           Status = 200
    Error message = null
          Headers = [Content-Type:"application/json"]
     Content type = application/json
             Body = {"grantType":null,"accessToken":"access-token","refreshToken":"refresh-token"}
    Forwarded URL = null
   Redirected URL = null
          Cookies = []
2024-06-16T00:02:49.564+09:00  INFO 51025 --- [    Test worker] o.s.mock.web.MockServletContext          : Initializing Spring TestDispatcherServlet ''
2024-06-16T00:02:49.564+09:00  INFO 51025 --- [    Test worker] o.s.t.web.servlet.TestDispatcherServlet  : Initializing Servlet ''
2024-06-16T00:02:49.564+09:00  INFO 51025 --- [    Test worker] o.s.t.web.servlet.TestDispatcherServlet  : Completed initialization in 0 ms

MockHttpServletRequest:
      HTTP Method = POST
      Request URI = /api/signup
       Parameters = {}
          Headers = [Content-Type:"application/json", Content-Length:"236"]
             Body = <no character encoding set>
    Session Attrs = {}

Handler:
             Type = web.termproject.controller.MemberController
           Method = web.termproject.controller.MemberController#signup(SignupRequestDTO)

Async:
    Async started = false
     Async result = null

Resolved Exception:
             Type = null

ModelAndView:
        View name = null
             View = null
            Model = null

FlashMap:
       Attributes = null

MockHttpServletResponse:
           Status = 200
    Error message = null
          Headers = [Content-Type:"application/json"]
     Content type = application/json
             Body = {"code":201000,"message":"회원가입 완료","data":{"id":1,"loginId":"test1234","loginPw":"test1234","name":"홍길동","stuNum":"20240001","major":"컴퓨터소프트웨어공학과","phoneNum":"000-0000-0000","email":"test@kumoh.ac.kr","gender":"남","birthDate":"2000-01-01","role":"MEMBER"}}
    Forwarded URL = null
   Redirected URL = null
          Cookies = []
]]></system-out>
  <system-err><![CDATA[]]></system-err>
</testsuite>
