<?xml version="1.0" encoding="UTF-8"?>
<testsuite name="web.termproject.docs.ApplyMemberControllerDocsTest" tests="3" skipped="0" failures="0" errors="0" timestamp="2024-06-15T15:02:48" hostname="MacBook-Pro.local" time="0.038">
  <properties/>
  <testcase name="testGetClubList()" classname="web.termproject.docs.ApplyMemberControllerDocsTest" time="0.019"/>
  <testcase name="testUploadFiles()" classname="web.termproject.docs.ApplyMemberControllerDocsTest" time="0.012"/>
  <testcase name="testDownloadFile()" classname="web.termproject.docs.ApplyMemberControllerDocsTest" time="0.005"/>
  <system-out><![CDATA[00:02:48.104 [Test worker] INFO org.springframework.test.context.support.AnnotationConfigContextLoaderUtils -- Could not detect default configuration classes for test class [web.termproject.docs.ApplyMemberControllerDocsTest]: ApplyMemberControllerDocsTest does not declare any static, non-private, non-final, nested classes annotated with @Configuration.
00:02:48.154 [Test worker] INFO org.springframework.boot.test.context.SpringBootTestContextBootstrapper -- Found @SpringBootConfiguration web.termproject.TermProjectApplication for test class web.termproject.docs.ApplyMemberControllerDocsTest

  .   ____          _            __ _ _
 /\\ / ___'_ __ _ _(_)_ __  __ _ \ \ \ \
( ( )\___ | '_ | '_| | '_ \/ _` | \ \ \ \
 \\/  ___)| |_)| | | | | || (_| |  ) ) ) )
  '  |____| .__|_| |_|_| |_\__, | / / / /
 =========|_|==============|___/=/_/_/_/
 :: Spring Boot ::                (v3.2.5)

2024-06-16T00:02:48.344+09:00  INFO 51025 --- [    Test worker] w.t.docs.ApplyMemberControllerDocsTest   : Starting ApplyMemberControllerDocsTest using Java 21.0.2 with PID 51025 (started by jihyun in /Users/jihyun/Desktop/IdeaProjects/Web_TermProject)
2024-06-16T00:02:48.345+09:00  INFO 51025 --- [    Test worker] w.t.docs.ApplyMemberControllerDocsTest   : The following 1 profile is active: "jwt"
2024-06-16T00:02:48.807+09:00 DEBUG 51025 --- [    Test worker] swordEncoderAuthenticationManagerBuilder : No authenticationProviders and no parentAuthenticationManager defined. Returning null.
2024-06-16T00:02:48.857+09:00  INFO 51025 --- [    Test worker] o.s.s.web.DefaultSecurityFilterChain     : Will secure any request with [org.springframework.security.web.session.DisableEncodeUrlFilter@2a525f88, org.springframework.security.web.context.request.async.WebAsyncManagerIntegrationFilter@1cf4d454, org.springframework.security.web.context.SecurityContextHolderFilter@2f8ab988, org.springframework.security.web.header.HeaderWriterFilter@799206ad, org.springframework.web.filter.CorsFilter@3ff3275b, org.springframework.security.web.csrf.CsrfFilter@575cfec1, org.springframework.security.web.authentication.logout.LogoutFilter@6c96346b, org.springframework.security.oauth2.client.web.OAuth2AuthorizationRequestRedirectFilter@1ddb6abb, org.springframework.security.oauth2.client.web.OAuth2AuthorizationRequestRedirectFilter@58720eb9, org.springframework.security.oauth2.client.web.OAuth2LoginAuthenticationFilter@1e3a2177, org.springframework.security.web.authentication.ui.DefaultLoginPageGeneratingFilter@558ed473, org.springframework.security.web.authentication.ui.DefaultLogoutPageGeneratingFilter@63e0057a, org.springframework.security.web.savedrequest.RequestCacheAwareFilter@e47637c, org.springframework.security.web.servletapi.SecurityContextHolderAwareRequestFilter@606f0f70, org.springframework.security.web.authentication.AnonymousAuthenticationFilter@5b76b891, org.springframework.security.oauth2.client.web.OAuth2AuthorizationCodeGrantFilter@10e4ce98, org.springframework.security.web.access.ExceptionTranslationFilter@304e1e4e, org.springframework.security.web.access.intercept.AuthorizationFilter@10280879]
2024-06-16T00:02:48.878+09:00  INFO 51025 --- [    Test worker] o.s.b.t.m.w.SpringBootMockServletContext : Initializing Spring TestDispatcherServlet ''
2024-06-16T00:02:48.878+09:00  INFO 51025 --- [    Test worker] o.s.t.web.servlet.TestDispatcherServlet  : Initializing Servlet ''
2024-06-16T00:02:48.878+09:00  INFO 51025 --- [    Test worker] o.s.t.web.servlet.TestDispatcherServlet  : Completed initialization in 0 ms
2024-06-16T00:02:48.893+09:00  INFO 51025 --- [    Test worker] w.t.docs.ApplyMemberControllerDocsTest   : Started ApplyMemberControllerDocsTest in 0.699 seconds (process running for 2.359)
2024-06-16T00:02:48.902+09:00  INFO 51025 --- [    Test worker] o.s.b.t.m.w.SpringBootMockServletContext : Initializing Spring TestDispatcherServlet ''
2024-06-16T00:02:48.902+09:00  INFO 51025 --- [    Test worker] o.s.t.web.servlet.TestDispatcherServlet  : Initializing Servlet ''
2024-06-16T00:02:48.902+09:00  INFO 51025 --- [    Test worker] o.s.t.web.servlet.TestDispatcherServlet  : Completed initialization in 0 ms
2024-06-16T00:02:48.917+09:00  INFO 51025 --- [    Test worker] o.s.b.t.m.w.SpringBootMockServletContext : Initializing Spring TestDispatcherServlet ''
2024-06-16T00:02:48.917+09:00  INFO 51025 --- [    Test worker] o.s.t.web.servlet.TestDispatcherServlet  : Initializing Servlet ''
2024-06-16T00:02:48.917+09:00  INFO 51025 --- [    Test worker] o.s.t.web.servlet.TestDispatcherServlet  : Completed initialization in 0 ms
2024-06-16T00:02:48.930+09:00  INFO 51025 --- [    Test worker] o.s.b.t.m.w.SpringBootMockServletContext : Initializing Spring TestDispatcherServlet ''
2024-06-16T00:02:48.930+09:00  INFO 51025 --- [    Test worker] o.s.t.web.servlet.TestDispatcherServlet  : Initializing Servlet ''
2024-06-16T00:02:48.930+09:00  INFO 51025 --- [    Test worker] o.s.t.web.servlet.TestDispatcherServlet  : Completed initialization in 0 ms
]]></system-out>
  <system-err><![CDATA[]]></system-err>
</testsuite>
