<?xml version="1.0" encoding="UTF-8"?>
<testsuite name="web.termproject.controller.MasterControllerTest" tests="5" skipped="0" failures="0" errors="0" timestamp="2024-06-09T13:34:42" hostname="MacBook-Pro.local" time="0.044">
  <properties/>
  <testcase name="testGetClubs()" classname="web.termproject.controller.MasterControllerTest" time="0.008"/>
  <testcase name="testUpdateApplyMemberStatus()" classname="web.termproject.controller.MasterControllerTest" time="0.01"/>
  <testcase name="testUploadClubImage()" classname="web.termproject.controller.MasterControllerTest" time="0.007"/>
  <testcase name="testDownloadApplyForm()" classname="web.termproject.controller.MasterControllerTest" time="0.006"/>
  <testcase name="testUpdateMasterClubInfo()" classname="web.termproject.controller.MasterControllerTest" time="0.01"/>
  <system-out><![CDATA[2024-06-09T22:34:41.874+09:00  INFO 73199 --- [    Test worker] t.c.s.AnnotationConfigContextLoaderUtils : Could not detect default configuration classes for test class [web.termproject.controller.MasterControllerTest]: MasterControllerTest does not declare any static, non-private, non-final, nested classes annotated with @Configuration.
2024-06-09T22:34:41.877+09:00  INFO 73199 --- [    Test worker] .b.t.c.SpringBootTestContextBootstrapper : Found @SpringBootConfiguration web.termproject.TermProjectApplication for test class web.termproject.controller.MasterControllerTest

  .   ____          _            __ _ _
 /\\ / ___'_ __ _ _(_)_ __  __ _ \ \ \ \
( ( )\___ | '_ | '_| | '_ \/ _` | \ \ \ \
 \\/  ___)| |_)| | | | | || (_| |  ) ) ) )
  '  |____| .__|_| |_|_| |_\__, | / / / /
 =========|_|==============|___/=/_/_/_/
 :: Spring Boot ::                (v3.2.5)

2024-06-09T22:34:41.890+09:00  INFO 73199 --- [    Test worker] w.t.controller.MasterControllerTest      : Starting MasterControllerTest using Java 21.0.2 with PID 73199 (started by jihyun in /Users/jihyun/Desktop/IdeaProjects/Web_TermProject)
2024-06-09T22:34:41.890+09:00  INFO 73199 --- [    Test worker] w.t.controller.MasterControllerTest      : The following 1 profile is active: "jwt"
2024-06-09T22:34:42.040+09:00 DEBUG 73199 --- [    Test worker] swordEncoderAuthenticationManagerBuilder : No authenticationProviders and no parentAuthenticationManager defined. Returning null.
2024-06-09T22:34:42.044+09:00  INFO 73199 --- [    Test worker] o.s.s.web.DefaultSecurityFilterChain     : Will secure any request with [org.springframework.security.web.session.DisableEncodeUrlFilter@6a8b30a3, org.springframework.security.web.context.request.async.WebAsyncManagerIntegrationFilter@2376463f, org.springframework.security.web.context.SecurityContextHolderFilter@72ef3f9b, org.springframework.security.web.header.HeaderWriterFilter@58f036de, org.springframework.web.filter.CorsFilter@710e1af6, org.springframework.security.web.csrf.CsrfFilter@46329e85, org.springframework.security.web.authentication.logout.LogoutFilter@260754f6, org.springframework.security.oauth2.client.web.OAuth2AuthorizationRequestRedirectFilter@d0745b7, org.springframework.security.oauth2.client.web.OAuth2AuthorizationRequestRedirectFilter@14f8ca45, org.springframework.security.oauth2.client.web.OAuth2LoginAuthenticationFilter@bc85f82, org.springframework.security.web.authentication.ui.DefaultLoginPageGeneratingFilter@57913cf5, org.springframework.security.web.authentication.ui.DefaultLogoutPageGeneratingFilter@1b904438, org.springframework.security.web.savedrequest.RequestCacheAwareFilter@207b41f5, org.springframework.security.web.servletapi.SecurityContextHolderAwareRequestFilter@e8ebd3c, org.springframework.security.web.authentication.AnonymousAuthenticationFilter@28ad61c1, org.springframework.security.oauth2.client.web.OAuth2AuthorizationCodeGrantFilter@5d16fc4b, org.springframework.security.web.access.ExceptionTranslationFilter@e840be5, org.springframework.security.web.access.intercept.AuthorizationFilter@113b0382]
2024-06-09T22:34:42.049+09:00  INFO 73199 --- [    Test worker] o.s.b.t.m.w.SpringBootMockServletContext : Initializing Spring TestDispatcherServlet ''
2024-06-09T22:34:42.049+09:00  INFO 73199 --- [    Test worker] o.s.t.web.servlet.TestDispatcherServlet  : Initializing Servlet ''
2024-06-09T22:34:42.050+09:00  INFO 73199 --- [    Test worker] o.s.t.web.servlet.TestDispatcherServlet  : Completed initialization in 0 ms
2024-06-09T22:34:42.053+09:00  INFO 73199 --- [    Test worker] w.t.controller.MasterControllerTest      : Started MasterControllerTest in 0.174 seconds (process running for 4.775)
2024-06-09T22:34:42.057+09:00  INFO 73199 --- [    Test worker] o.s.b.t.m.w.SpringBootMockServletContext : Initializing Spring TestDispatcherServlet ''
2024-06-09T22:34:42.057+09:00  INFO 73199 --- [    Test worker] o.s.t.web.servlet.TestDispatcherServlet  : Initializing Servlet ''
2024-06-09T22:34:42.057+09:00  INFO 73199 --- [    Test worker] o.s.t.web.servlet.TestDispatcherServlet  : Completed initialization in 0 ms
2024-06-09T22:34:42.065+09:00  INFO 73199 --- [    Test worker] o.s.b.t.m.w.SpringBootMockServletContext : Initializing Spring TestDispatcherServlet ''
2024-06-09T22:34:42.065+09:00  INFO 73199 --- [    Test worker] o.s.t.web.servlet.TestDispatcherServlet  : Initializing Servlet ''
2024-06-09T22:34:42.065+09:00  INFO 73199 --- [    Test worker] o.s.t.web.servlet.TestDispatcherServlet  : Completed initialization in 0 ms
2024-06-09T22:34:42.077+09:00  INFO 73199 --- [    Test worker] o.s.b.t.m.w.SpringBootMockServletContext : Initializing Spring TestDispatcherServlet ''
2024-06-09T22:34:42.077+09:00  INFO 73199 --- [    Test worker] o.s.t.web.servlet.TestDispatcherServlet  : Initializing Servlet ''
2024-06-09T22:34:42.077+09:00  INFO 73199 --- [    Test worker] o.s.t.web.servlet.TestDispatcherServlet  : Completed initialization in 0 ms
2024-06-09T22:34:42.084+09:00  INFO 73199 --- [    Test worker] o.s.b.t.m.w.SpringBootMockServletContext : Initializing Spring TestDispatcherServlet ''
2024-06-09T22:34:42.084+09:00  INFO 73199 --- [    Test worker] o.s.t.web.servlet.TestDispatcherServlet  : Initializing Servlet ''
2024-06-09T22:34:42.084+09:00  INFO 73199 --- [    Test worker] o.s.t.web.servlet.TestDispatcherServlet  : Completed initialization in 0 ms
2024-06-09T22:34:42.091+09:00  INFO 73199 --- [    Test worker] o.s.b.t.m.w.SpringBootMockServletContext : Initializing Spring TestDispatcherServlet ''
2024-06-09T22:34:42.091+09:00  INFO 73199 --- [    Test worker] o.s.t.web.servlet.TestDispatcherServlet  : Initializing Servlet ''
2024-06-09T22:34:42.091+09:00  INFO 73199 --- [    Test worker] o.s.t.web.servlet.TestDispatcherServlet  : Completed initialization in 0 ms
]]></system-out>
  <system-err><![CDATA[]]></system-err>
</testsuite>
