<?xml version="1.0" encoding="UTF-8"?>
<testsuite name="web.termproject.TermProjectApplicationTests" tests="1" skipped="0" failures="0" errors="0" timestamp="2024-06-09T13:34:40" hostname="MacBook-Pro.local" time="0.304">
  <properties/>
  <testcase name="contextLoads()" classname="web.termproject.TermProjectApplicationTests" time="0.304"/>
  <system-out><![CDATA[22:34:37.691 [Test worker] INFO org.springframework.test.context.support.AnnotationConfigContextLoaderUtils -- Could not detect default configuration classes for test class [web.termproject.TermProjectApplicationTests]: TermProjectApplicationTests does not declare any static, non-private, non-final, nested classes annotated with @Configuration.
22:34:37.731 [Test worker] INFO org.springframework.boot.test.context.SpringBootTestContextBootstrapper -- Found @SpringBootConfiguration web.termproject.TermProjectApplication for test class web.termproject.TermProjectApplicationTests

  .   ____          _            __ _ _
 /\\ / ___'_ __ _ _(_)_ __  __ _ \ \ \ \
( ( )\___ | '_ | '_| | '_ \/ _` | \ \ \ \
 \\/  ___)| |_)| | | | | || (_| |  ) ) ) )
  '  |____| .__|_| |_|_| |_\__, | / / / /
 =========|_|==============|___/=/_/_/_/
 :: Spring Boot ::                (v3.2.5)

2024-06-09T22:34:37.914+09:00  INFO 73199 --- [    Test worker] w.t.TermProjectApplicationTests          : Starting TermProjectApplicationTests using Java 21.0.2 with PID 73199 (started by jihyun in /Users/jihyun/Desktop/IdeaProjects/Web_TermProject)
2024-06-09T22:34:37.915+09:00  INFO 73199 --- [    Test worker] w.t.TermProjectApplicationTests          : The following 1 profile is active: "jwt"
2024-06-09T22:34:38.277+09:00  INFO 73199 --- [    Test worker] .s.d.r.c.RepositoryConfigurationDelegate : Bootstrapping Spring Data JPA repositories in DEFAULT mode.
2024-06-09T22:34:38.312+09:00  INFO 73199 --- [    Test worker] .s.d.r.c.RepositoryConfigurationDelegate : Finished Spring Data repository scanning in 31 ms. Found 7 JPA repository interfaces.
2024-06-09T22:34:38.544+09:00  INFO 73199 --- [    Test worker] o.hibernate.jpa.internal.util.LogHelper  : HHH000204: Processing PersistenceUnitInfo [name: default]
2024-06-09T22:34:38.571+09:00  INFO 73199 --- [    Test worker] org.hibernate.Version                    : HHH000412: Hibernate ORM core version 6.4.4.Final
2024-06-09T22:34:38.584+09:00  INFO 73199 --- [    Test worker] o.h.c.internal.RegionFactoryInitiator    : HHH000026: Second-level cache disabled
2024-06-09T22:34:38.682+09:00  INFO 73199 --- [    Test worker] o.s.o.j.p.SpringPersistenceUnitInfo      : No LoadTimeWeaver setup: ignoring JPA class transformer
2024-06-09T22:34:38.694+09:00  INFO 73199 --- [    Test worker] com.zaxxer.hikari.HikariDataSource       : HikariPool-1 - Starting...
2024-06-09T22:34:38.878+09:00  INFO 73199 --- [    Test worker] com.zaxxer.hikari.pool.HikariPool        : HikariPool-1 - Added connection com.mysql.cj.jdbc.ConnectionImpl@31fe0ce5
2024-06-09T22:34:38.879+09:00  INFO 73199 --- [    Test worker] com.zaxxer.hikari.HikariDataSource       : HikariPool-1 - Start completed.
2024-06-09T22:34:39.407+09:00  INFO 73199 --- [    Test worker] o.h.e.t.j.p.i.JtaPlatformInitiator       : HHH000489: No JTA platform available (set 'hibernate.transaction.jta.platform' to enable JTA platform integration)
2024-06-09T22:34:39.415+09:00 DEBUG 73199 --- [    Test worker] org.hibernate.SQL                        : 
    alter table apply_club 
       drop 
       foreign key FKf95toj113wejeg96a0103auwd
2024-06-09T22:34:39.428+09:00 DEBUG 73199 --- [    Test worker] org.hibernate.SQL                        : 
    alter table apply_club 
       drop 
       foreign key FKf0ub9tfi56r596j3stcogpkix
2024-06-09T22:34:39.441+09:00 DEBUG 73199 --- [    Test worker] org.hibernate.SQL                        : 
    alter table apply_member 
       drop 
       foreign key FK9xieyo7gsfxg71806i9bi7bdk
2024-06-09T22:34:39.447+09:00 DEBUG 73199 --- [    Test worker] org.hibernate.SQL                        : 
    alter table apply_member 
       drop 
       foreign key FK3pg694u24opgigm2vi41msnbc
2024-06-09T22:34:39.450+09:00 DEBUG 73199 --- [    Test worker] org.hibernate.SQL                        : 
    alter table board 
       drop 
       foreign key FKsds8ox89wwf6aihinar49rmfy
2024-06-09T22:34:39.453+09:00 DEBUG 73199 --- [    Test worker] org.hibernate.SQL                        : 
    alter table club 
       drop 
       foreign key FK2obcuf65c3oiay3kwkugkbobv
2024-06-09T22:34:39.458+09:00 DEBUG 73199 --- [    Test worker] org.hibernate.SQL                        : 
    drop table if exists apply_club
2024-06-09T22:34:39.460+09:00 DEBUG 73199 --- [    Test worker] org.hibernate.SQL                        : 
    drop table if exists apply_member
2024-06-09T22:34:39.462+09:00 DEBUG 73199 --- [    Test worker] org.hibernate.SQL                        : 
    drop table if exists board
2024-06-09T22:34:39.464+09:00 DEBUG 73199 --- [    Test worker] org.hibernate.SQL                        : 
    drop table if exists club
2024-06-09T22:34:39.465+09:00 DEBUG 73199 --- [    Test worker] org.hibernate.SQL                        : 
    drop table if exists member
2024-06-09T22:34:39.468+09:00 DEBUG 73199 --- [    Test worker] org.hibernate.SQL                        : 
    drop table if exists professor
2024-06-09T22:34:39.473+09:00 DEBUG 73199 --- [    Test worker] org.hibernate.SQL                        : 
    create table apply_club (
        apply_club_status tinyint check (apply_club_status between 0 and 2),
        club_type tinyint check (club_type between 0 and 1),
        apply_club_id bigint not null auto_increment,
        member_id bigint,
        professor_id bigint,
        club_name varchar(255),
        created_date varchar(255) not null,
        modified_date varchar(255),
        refuse_reason varchar(255),
        primary key (apply_club_id)
    ) engine=InnoDB
2024-06-09T22:34:39.476+09:00 DEBUG 73199 --- [    Test worker] org.hibernate.SQL                        : 
    create table apply_member (
        apply_member_status tinyint check (apply_member_status between 0 and 1),
        apply_member_id bigint not null auto_increment,
        club_id bigint,
        member_id bigint,
        primary key (apply_member_id)
    ) engine=InnoDB
2024-06-09T22:34:39.479+09:00 DEBUG 73199 --- [    Test worker] org.hibernate.SQL                        : 
    create table board (
        board_type tinyint check (board_type between 0 and 3),
        board_id bigint not null auto_increment,
        member_id bigint,
        content LONGTEXT,
        created_date varchar(255) not null,
        image_route varchar(255),
        modified_date varchar(255),
        title varchar(255),
        video_route varchar(255),
        writer varchar(255),
        primary key (board_id)
    ) engine=InnoDB
2024-06-09T22:34:39.483+09:00 DEBUG 73199 --- [    Test worker] org.hibernate.SQL                        : 
    create table club (
        club_type tinyint check (club_type between 0 and 1),
        apply_club_id bigint,
        club_id bigint not null auto_increment,
        meeting_time datetime(6),
        history LONGTEXT,
        introduce LONGTEXT,
        general_affairs varchar(255),
        image_route varchar(255),
        name varchar(255),
        president varchar(255),
        vice_president varchar(255),
        primary key (club_id)
    ) engine=InnoDB
2024-06-09T22:34:39.486+09:00 DEBUG 73199 --- [    Test worker] org.hibernate.SQL                        : 
    create table member (
        member_id bigint not null auto_increment,
        birth_date varchar(255),
        email varchar(255),
        gender varchar(255),
        grant_type varchar(255),
        login_id varchar(255) not null,
        login_pw varchar(255) not null,
        major varchar(255) not null,
        name varchar(255),
        phone_num varchar(255) not null,
        stu_num varchar(255),
        role enum ('ADMIN','MEMBER','MASTER_MEMBER') not null,
        primary key (member_id)
    ) engine=InnoDB
2024-06-09T22:34:39.490+09:00 DEBUG 73199 --- [    Test worker] org.hibernate.SQL                        : 
    create table professor (
        professor_id bigint not null auto_increment,
        email varchar(255),
        login_id varchar(255) not null,
        login_pw varchar(255) not null,
        major varchar(255) not null,
        name varchar(255) not null,
        phone_num varchar(255),
        primary key (professor_id)
    ) engine=InnoDB
2024-06-09T22:34:39.493+09:00 DEBUG 73199 --- [    Test worker] org.hibernate.SQL                        : 
    alter table apply_club 
       add constraint UK_dt27ikfp8uus81n8qt8d36yj5 unique (member_id)
2024-06-09T22:34:39.497+09:00 DEBUG 73199 --- [    Test worker] org.hibernate.SQL                        : 
    alter table apply_club 
       add constraint UK_gqrsxknj2ug790kumjpd21wuc unique (professor_id)
2024-06-09T22:34:39.500+09:00 DEBUG 73199 --- [    Test worker] org.hibernate.SQL                        : 
    alter table board 
       add constraint UK_4lxm89y66oy5ue6qfh53btdqx unique (member_id)
2024-06-09T22:34:39.503+09:00 DEBUG 73199 --- [    Test worker] org.hibernate.SQL                        : 
    alter table board 
       add constraint UK_mph7qe4yv41dlsoap3i3nojto unique (title)
2024-06-09T22:34:39.508+09:00 DEBUG 73199 --- [    Test worker] org.hibernate.SQL                        : 
    alter table board 
       add constraint UK_nbkr5b0odcxcgluy86nk1b3xe unique (writer)
2024-06-09T22:34:39.511+09:00 DEBUG 73199 --- [    Test worker] org.hibernate.SQL                        : 
    alter table club 
       add constraint UK_migew9y2udvn8w1xh6tcpoerh unique (apply_club_id)
2024-06-09T22:34:39.514+09:00 DEBUG 73199 --- [    Test worker] org.hibernate.SQL                        : 
    alter table member 
       add constraint UK_mbmcqelty0fbrvxp1q58dn57t unique (email)
2024-06-09T22:34:39.518+09:00 DEBUG 73199 --- [    Test worker] org.hibernate.SQL                        : 
    alter table member 
       add constraint UK_enfm5patwjqulw8k4wwuo6f60 unique (login_id)
2024-06-09T22:34:39.522+09:00 DEBUG 73199 --- [    Test worker] org.hibernate.SQL                        : 
    alter table member 
       add constraint UK_pt67bpwawgebdn65y0dhcj019 unique (login_pw)
2024-06-09T22:34:39.525+09:00 DEBUG 73199 --- [    Test worker] org.hibernate.SQL                        : 
    alter table member 
       add constraint UK_9esvgikrmti1v7ci6v453imdc unique (name)
2024-06-09T22:34:39.529+09:00 DEBUG 73199 --- [    Test worker] org.hibernate.SQL                        : 
    alter table member 
       add constraint UK_qbmf4romr5dmx3lytr1kbv82w unique (phone_num)
2024-06-09T22:34:39.533+09:00 DEBUG 73199 --- [    Test worker] org.hibernate.SQL                        : 
    alter table member 
       add constraint UK_boofpg9tccxxqhicfwofcfr54 unique (stu_num)
2024-06-09T22:34:39.538+09:00 DEBUG 73199 --- [    Test worker] org.hibernate.SQL                        : 
    alter table professor 
       add constraint UK_qjm28ojevoom770jyieljec3e unique (email)
2024-06-09T22:34:39.541+09:00 DEBUG 73199 --- [    Test worker] org.hibernate.SQL                        : 
    alter table professor 
       add constraint UK_1blgakyfkjsw81cvy1bd62cph unique (login_id)
2024-06-09T22:34:39.543+09:00 DEBUG 73199 --- [    Test worker] org.hibernate.SQL                        : 
    alter table professor 
       add constraint UK_ict4l70uah7yqplklf9iacyms unique (login_pw)
2024-06-09T22:34:39.547+09:00 DEBUG 73199 --- [    Test worker] org.hibernate.SQL                        : 
    alter table professor 
       add constraint UK_q9018lf1sgwe7qht26ptt1swf unique (phone_num)
2024-06-09T22:34:39.550+09:00 DEBUG 73199 --- [    Test worker] org.hibernate.SQL                        : 
    alter table apply_club 
       add constraint FKf95toj113wejeg96a0103auwd 
       foreign key (member_id) 
       references member (member_id)
2024-06-09T22:34:39.558+09:00 DEBUG 73199 --- [    Test worker] org.hibernate.SQL                        : 
    alter table apply_club 
       add constraint FKf0ub9tfi56r596j3stcogpkix 
       foreign key (professor_id) 
       references professor (professor_id)
2024-06-09T22:34:39.566+09:00 DEBUG 73199 --- [    Test worker] org.hibernate.SQL                        : 
    alter table apply_member 
       add constraint FK9xieyo7gsfxg71806i9bi7bdk 
       foreign key (club_id) 
       references club (club_id)
2024-06-09T22:34:39.573+09:00 DEBUG 73199 --- [    Test worker] org.hibernate.SQL                        : 
    alter table apply_member 
       add constraint FK3pg694u24opgigm2vi41msnbc 
       foreign key (member_id) 
       references member (member_id)
2024-06-09T22:34:39.586+09:00 DEBUG 73199 --- [    Test worker] org.hibernate.SQL                        : 
    alter table board 
       add constraint FKsds8ox89wwf6aihinar49rmfy 
       foreign key (member_id) 
       references member (member_id)
2024-06-09T22:34:39.596+09:00 DEBUG 73199 --- [    Test worker] org.hibernate.SQL                        : 
    alter table club 
       add constraint FK2obcuf65c3oiay3kwkugkbobv 
       foreign key (apply_club_id) 
       references apply_club (apply_club_id)
2024-06-09T22:34:39.606+09:00  INFO 73199 --- [    Test worker] j.LocalContainerEntityManagerFactoryBean : Initialized JPA EntityManagerFactory for persistence unit 'default'
2024-06-09T22:34:39.798+09:00  INFO 73199 --- [    Test worker] o.s.d.j.r.query.QueryEnhancerFactory     : Hibernate is in classpath; If applicable, HQL parser will be used.
2024-06-09T22:34:40.249+09:00 DEBUG 73199 --- [    Test worker] org.hibernate.SQL                        : 
    insert 
    into
        member
        (birth_date, email, gender, grant_type, login_id, login_pw, major, name, phone_num, role, stu_num) 
    values
        (?, ?, ?, ?, ?, ?, ?, ?, ?, ?, ?)
2024-06-09T22:34:40.338+09:00 DEBUG 73199 --- [    Test worker] org.hibernate.SQL                        : 
    insert 
    into
        member
        (birth_date, email, gender, grant_type, login_id, login_pw, major, name, phone_num, role, stu_num) 
    values
        (?, ?, ?, ?, ?, ?, ?, ?, ?, ?, ?)
2024-06-09T22:34:40.342+09:00 DEBUG 73199 --- [    Test worker] org.hibernate.SQL                        : 
    insert 
    into
        professor
        (email, login_id, login_pw, major, name, phone_num) 
    values
        (?, ?, ?, ?, ?, ?)
2024-06-09T22:34:40.564+09:00  INFO 73199 --- [    Test worker] o.s.s.web.DefaultSecurityFilterChain     : Will secure any request with [org.springframework.security.web.session.DisableEncodeUrlFilter@2ef116e8, org.springframework.security.web.context.request.async.WebAsyncManagerIntegrationFilter@243d57d4, org.springframework.security.web.context.SecurityContextHolderFilter@6b85fabc, org.springframework.security.web.header.HeaderWriterFilter@2b7e07e0, org.springframework.security.web.authentication.logout.LogoutFilter@63d93e91, org.springframework.security.oauth2.client.web.OAuth2AuthorizationRequestRedirectFilter@1f022bcf, org.springframework.security.oauth2.client.web.OAuth2LoginAuthenticationFilter@25102e0, web.termproject.security.filter.JwtAuthenticationFilter@304394d8, org.springframework.security.web.authentication.ui.DefaultLoginPageGeneratingFilter@484e9fee, org.springframework.security.web.authentication.ui.DefaultLogoutPageGeneratingFilter@615784a8, org.springframework.security.web.savedrequest.RequestCacheAwareFilter@18bb7eca, org.springframework.security.web.servletapi.SecurityContextHolderAwareRequestFilter@6bac4719, org.springframework.security.web.authentication.AnonymousAuthenticationFilter@47b7883c, org.springframework.security.web.session.SessionManagementFilter@12837172, org.springframework.security.web.access.ExceptionTranslationFilter@efc5686, org.springframework.security.web.access.intercept.AuthorizationFilter@5028cec0]
2024-06-09T22:34:40.738+09:00  INFO 73199 --- [    Test worker] w.t.TermProjectApplicationTests          : Started TermProjectApplicationTests in 2.938 seconds (process running for 3.46)
]]></system-out>
  <system-err><![CDATA[WARNING: A Java agent has been loaded dynamically (/Users/jihyun/.gradle/caches/modules-2/files-2.1/net.bytebuddy/byte-buddy-agent/1.14.13/979ce25f7d3096a2e82214ba7dc972a05ce7a171/byte-buddy-agent-1.14.13.jar)
WARNING: If a serviceability tool is in use, please run with -XX:+EnableDynamicAgentLoading to hide this warning
WARNING: If a serviceability tool is not in use, please run with -Djdk.instrument.traceUsage for more information
WARNING: Dynamic loading of agents will be disallowed by default in a future release
]]></system-err>
</testsuite>
